
********************************************************************************
                            Git Achievement Unlocked!                            

                                     Student                                     
       Accessed the documentation for a command with git [command] --help       
********************************************************************************


********************************************************************************
                            Git Achievement Unlocked!                            

                                     Weaver                                     
                  Investigate old branches by using git reflog                  
********************************************************************************


********************************************************************************
                            Git Achievement Unlocked!                            

                        Apprentice Stone Mason (Level 1)                        
   Added files to the index area for inclusion in the next commit with git add   
********************************************************************************


********************************************************************************
                            Git Achievement Unlocked!                            

                        Apprentice Stone Mason (Level 2)                        
   Added files to the index area for inclusion in the next commit with git add   
********************************************************************************


********************************************************************************
                            Git Achievement Unlocked!                            

                        Apprentice Stone Mason (Level 3)                        
   Added files to the index area for inclusion in the next commit with git add   
********************************************************************************


********************************************************************************
                            Git Achievement Unlocked!                            

                           Apprentice Author (Level 1)                           
                     Made 2^Level commits using git commit.                     
********************************************************************************


********************************************************************************
                            Git Achievement Unlocked!                            

                         Apprentice Collector (Level 1)                         
       Fetches named heads or tags from another repository with git fetch       
********************************************************************************


********************************************************************************
                            Git Achievement Unlocked!                            

                          Apprentice Pedantic (Level 1)                          
 Use the flow extension to encourage an orderly and standardized branching model 
********************************************************************************


********************************************************************************
                            Git Achievement Unlocked!                            

                         Apprentice Collector (Level 2)                         
       Fetches named heads or tags from another repository with git fetch       
********************************************************************************


********************************************************************************
                            Git Achievement Unlocked!                            

                         Apprentice Historian (Level 3)                         
                    Investigate the commit log using git log.                    
********************************************************************************


********************************************************************************
                            Git Achievement Unlocked!                            

                          Apprentice Pedantic (Level 2)                          
 Use the flow extension to encourage an orderly and standardized branching model 
********************************************************************************


********************************************************************************
                            Git Achievement Unlocked!                            

                         Apprentice Socialite (Level 1)                         
              pushed a branch to a remote repository using git push              
********************************************************************************


********************************************************************************
                            Git Achievement Unlocked!                            

                              Stone Mason (Level 4)                              
   Added files to the index area for inclusion in the next commit with git add   
********************************************************************************


********************************************************************************
                            Git Achievement Unlocked!                            

                           Apprentice Author (Level 2)                           
                     Made 2^Level commits using git commit.                     
********************************************************************************


********************************************************************************
                            Git Achievement Unlocked!                            

                         Apprentice Goldsmith (Level 1)                         
           Reviewed patches before committing with git diff --cached.           
********************************************************************************


********************************************************************************
                            Git Achievement Unlocked!                            

                         Apprentice Goldsmith (Level 2)                         
           Reviewed patches before committing with git diff --cached.           
********************************************************************************


********************************************************************************
                            Git Achievement Unlocked!                            

                           Apprentice Author (Level 3)                           
                     Made 2^Level commits using git commit.                     
********************************************************************************


********************************************************************************
                            Git Achievement Unlocked!                            

                         Apprentice Socialite (Level 2)                         
              pushed a branch to a remote repository using git push              
********************************************************************************


********************************************************************************
                            Git Achievement Unlocked!                            

                         Apprentice Goldsmith (Level 3)                         
           Reviewed patches before committing with git diff --cached.           
********************************************************************************


********************************************************************************
                            Git Achievement Unlocked!                            

                         Apprentice Socialite (Level 3)                         
              pushed a branch to a remote repository using git push              
********************************************************************************


********************************************************************************
                            Git Achievement Unlocked!                            

                              Stone Mason (Level 5)                              
   Added files to the index area for inclusion in the next commit with git add   
********************************************************************************


********************************************************************************
                            Git Achievement Unlocked!                            

                                Author (Level 4)                                
                     Made 2^Level commits using git commit.                     
********************************************************************************


********************************************************************************
                            Git Achievement Unlocked!                            

                               Goldsmith (Level 4)                               
           Reviewed patches before committing with git diff --cached.           
********************************************************************************


********************************************************************************
                            Git Achievement Unlocked!                            

                      Apprentice Product Manager (Level 1)                      
       Stash the changes in a dirty working directory away with git stash.       
********************************************************************************


********************************************************************************
                            Git Achievement Unlocked!                            

                      Apprentice Product Manager (Level 2)                      
       Stash the changes in a dirty working directory away with git stash.       
********************************************************************************


********************************************************************************
                            Git Achievement Unlocked!                            

                      Apprentice Product Manager (Level 3)                      
       Stash the changes in a dirty working directory away with git stash.       
********************************************************************************


********************************************************************************
                            Git Achievement Unlocked!                            

                              Stone Mason (Level 6)                              
   Added files to the index area for inclusion in the next commit with git add   
********************************************************************************


********************************************************************************
                            Git Achievement Unlocked!                            

                          Apprentice Butcher (Level 1)                          
              Performed an interactive rebase using git rebase -i.              
********************************************************************************


********************************************************************************
                            Git Achievement Unlocked!                            

                         Apprentice Seamstress (Level 1)                         
                    amended a commit with git commit --amend.                    
********************************************************************************


********************************************************************************
                            Git Achievement Unlocked!                            

                               Socialite (Level 4)                               
              pushed a branch to a remote repository using git push              
********************************************************************************


********************************************************************************
                            Git Achievement Unlocked!                            

                                Author (Level 5)                                
                     Made 2^Level commits using git commit.                     
********************************************************************************


********************************************************************************
                            Git Achievement Unlocked!                            

                            Product Manager (Level 4)                            
       Stash the changes in a dirty working directory away with git stash.       
********************************************************************************


********************************************************************************
                            Git Achievement Unlocked!                            

                                    Homeowner                                    
                   Set global email address using git config.                   
********************************************************************************


********************************************************************************
                            Git Achievement Unlocked!                            

                    Apprentice Cathedral Architect (Level 1)                    
                       Added a submodule to a repository.                       
********************************************************************************


********************************************************************************
                            Git Achievement Unlocked!                            

                               Let there be light                               
                            Commit without a parent.                            
********************************************************************************


********************************************************************************
                            Git Achievement Unlocked!                            

                          Apprentice Merchant (Level 1)                          
                Added an external repository with git remote add.                
********************************************************************************


********************************************************************************
                            Git Achievement Unlocked!                            

                      Apprentice Cathedral Worker (Level 1)                      
 Cloned submodule repository and checked out commits specified by superproject. 
********************************************************************************


********************************************************************************
                            Git Achievement Unlocked!                            

                      Apprentice Cathedral Worker (Level 2)                      
 Cloned submodule repository and checked out commits specified by superproject. 
********************************************************************************

